This file contains any messages produced by compilers while
running configure, to aid debugging if configure makes a mistake.

It was created by qfsm configure 0.44, which was
generated by GNU Autoconf 2.60.  Invocation command line was

  $ ../configure 

## --------- ##
## Platform. ##
## --------- ##

hostname = fscmobile
uname -m = i686
uname -r = 2.6.18.8-0.3-default
uname -s = Linux
uname -v = #1 SMP Tue Apr 17 08:42:35 UTC 2007

/usr/bin/uname -p = unknown
/bin/uname -X     = unknown

/bin/arch              = i686
/usr/bin/arch -k       = unknown
/usr/convex/getsysinfo = unknown
/usr/bin/hostinfo      = unknown
/bin/machine           = unknown
/usr/bin/oslevel       = unknown
/bin/universe          = unknown

PATH: .
PATH: /home/stefan/tmp/ed-cores
PATH: /home/stefan/GNUstep
PATH: /usr/local/gallmage
PATH: /usr/local/qfsm/bin
PATH: /usr/local/alliance/bin
PATH: /usr/lib/qt3/bin
PATH: /usr/GNUstep/System/Tools
PATH: /usr/GNUstep
PATH: .
PATH: /home/stefan/tmp/ed-cores
PATH: /home/stefan/GNUstep
PATH: /usr/local/gallmage
PATH: /usr/local/qfsm/bin
PATH: /usr/local/alliance/bin
PATH: /usr/lib/qt3/bin
PATH: /usr/GNUstep/System/Tools
PATH: /usr/GNUstep
PATH: /opt/intel/idb/9.1.045/bin
PATH: /opt/intel/cc/9.1.045/bin
PATH: /usr/local/bin
PATH: /usr/bin
PATH: /usr/X11R6/bin
PATH: /bin
PATH: /usr/games
PATH: /opt/gnome/bin
PATH: /opt/kde3/bin
PATH: /usr/lib/mit/bin
PATH: /usr/lib/mit/sbin
PATH: /usr/lib/qt3/bin


## ----------- ##
## Core tests. ##
## ----------- ##

configure:1755: checking for a BSD-compatible install
configure:1811: result: /usr/bin/install -c
configure:1822: checking whether build environment is sane
configure:1865: result: yes
configure:1930: checking for gawk
configure:1946: found /usr/bin/gawk
configure:1957: result: gawk
configure:1968: checking whether make sets $(MAKE)
configure:1989: result: yes
configure:2010: error: source directory already configured; run "make distclean" there first

## ---------------- ##
## Cache variables. ##
## ---------------- ##

ac_cv_env_CCC_set=
ac_cv_env_CCC_value=
ac_cv_env_CC_set=
ac_cv_env_CC_value=
ac_cv_env_CFLAGS_set=
ac_cv_env_CFLAGS_value=
ac_cv_env_CPPFLAGS_set=
ac_cv_env_CPPFLAGS_value=
ac_cv_env_CPP_set=
ac_cv_env_CPP_value=
ac_cv_env_CXXFLAGS_set=
ac_cv_env_CXXFLAGS_value=
ac_cv_env_CXX_set=
ac_cv_env_CXX_value=
ac_cv_env_LDFLAGS_set=
ac_cv_env_LDFLAGS_value=
ac_cv_env_XMKMF_set=
ac_cv_env_XMKMF_value=
ac_cv_env_build_alias_set=
ac_cv_env_build_alias_value=
ac_cv_env_host_alias_set=
ac_cv_env_host_alias_value=
ac_cv_env_target_alias_set=
ac_cv_env_target_alias_value=
ac_cv_path_install='/usr/bin/install -c'
ac_cv_prog_AWK=gawk
ac_cv_prog_make_make_set=yes

## ----------------- ##
## Output variables. ##
## ----------------- ##

ACLOCAL=''
AMDEPBACKSLASH=''
AMDEP_FALSE=''
AMDEP_TRUE=''
AMTAR=''
AUTOCONF=''
AUTOHEADER=''
AUTOMAKE=''
AWK='gawk'
CC=''
CCDEPMODE=''
CFLAGS=''
CPP=''
CPPFLAGS=''
CXX=''
CXXDEPMODE=''
CXXFLAGS=''
CXX_FLAGS=''
CYGPATH_W=''
DEFS=''
DEPDIR=''
ECHO_C=''
ECHO_N='-n'
ECHO_T=''
EXEEXT=''
INSTALL_DATA='${INSTALL} -m 644'
INSTALL_PROGRAM='${INSTALL}'
INSTALL_SCRIPT='${INSTALL}'
INSTALL_STRIP_PROGRAM=''
LDFLAGS=''
LIBOBJS=''
LIBS=''
LTLIBOBJS=''
MAKEINFO=''
MOC=''
OBJEXT=''
PACKAGE=''
PACKAGE_BUGREPORT=''
PACKAGE_NAME='qfsm'
PACKAGE_STRING='qfsm 0.44'
PACKAGE_TARNAME='qfsm'
PACKAGE_VERSION='0.44'
PATH_SEPARATOR=':'
QEMBED=''
QT_CXXFLAGS=''
QT_GUILINK=''
QT_LDADD=''
SET_MAKE=''
SHELL='/bin/sh'
STRIP=''
UIC=''
VERSION=''
XMKMF=''
ac_ct_CC=''
ac_ct_CXX=''
am__fastdepCC_FALSE=''
am__fastdepCC_TRUE=''
am__fastdepCXX_FALSE=''
am__fastdepCXX_TRUE=''
am__include=''
am__leading_dot='.'
am__quote=''
am__tar=''
am__untar=''
bindir='${exec_prefix}/bin'
build=''
build_alias=''
build_cpu=''
build_os=''
build_vendor=''
datadir='${datarootdir}'
datarootdir='${prefix}/share'
docdir='${datarootdir}/doc/${PACKAGE_TARNAME}'
dvidir='${docdir}'
exec_prefix='NONE'
host=''
host_alias=''
host_cpu=''
host_os=''
host_vendor=''
htmldir='${docdir}'
includedir='${prefix}/include'
infodir='${datarootdir}/info'
install_sh=''
libdir='${exec_prefix}/lib'
libexecdir='${exec_prefix}/libexec'
localedir='${datarootdir}/locale'
localstatedir='${prefix}/var'
mandir='${datarootdir}/man'
mkdir_p='mkdir -p --'
oldincludedir='/usr/include'
pdfdir='${docdir}'
prefix='NONE'
program_transform_name='s,x,x,'
psdir='${docdir}'
sbindir='${exec_prefix}/sbin'
sharedstatedir='${prefix}/com'
sysconfdir='${prefix}/etc'
target_alias=''

## ----------- ##
## confdefs.h. ##
## ----------- ##

#define PACKAGE_NAME "qfsm"
#define PACKAGE_TARNAME "qfsm"
#define PACKAGE_VERSION "0.44"
#define PACKAGE_STRING "qfsm 0.44"
#define PACKAGE_BUGREPORT ""

configure: exit 1
